# JRE version: OpenJDK Runtime Environment (8.0_202-b03) (build 1.8.0_202-release-1483-b03)
# Java VM: OpenJDK 64-Bit Server VM (25.202-b03 mixed mode windows-amd64 compressed oops)
Heap:
 PSYoungGen      total 235520K, used 44874K [0x00000000e0000000, 0x00000000f1d00000, 0x0000000100000000)
  eden space 214528K, 11% used [0x00000000e0000000,0x00000000e175a2e8,0x00000000ed180000)
  from space 20992K, 99% used [0x00000000eeb00000,0x00000000eff78758,0x00000000eff80000)
  to   space 26112K, 0% used [0x00000000ed180000,0x00000000ed180000,0x00000000eeb00000)
 ParOldGen       total 99328K, used 33458K [0x00000000a0000000, 0x00000000a6100000, 0x00000000e0000000)
  object space 99328K, 33% used [0x00000000a0000000,0x00000000a20acbd8,0x00000000a6100000)
 Metaspace       used 80321K, capacity 83442K, committed 83672K, reserved 1122304K
  class space    used 10813K, capacity 11442K, committed 11520K, reserved 1048576K
GC Heap History (10 events):
Event: 27.074 GC heap before
{Heap before GC invocations=15 (full 2):
 PSYoungGen      total 162304K, used 32216K [0x00000000e0000000, 0x00000000ebb00000, 0x0000000100000000)
  eden space 148992K, 12% used [0x00000000e0000000,0x00000000e127baa8,0x00000000e9180000)
  from space 13312K, 99% used [0x00000000ea300000,0x00000000eaffa860,0x00000000eb000000)
  to   space 17920K, 0% used [0x00000000e9180000,0x00000000e9180000,0x00000000ea300000)
 ParOldGen       total 68096K, used 29618K [0x00000000a0000000, 0x00000000a4280000, 0x00000000e0000000)
  object space 68096K, 43% used [0x00000000a0000000,0x00000000a1cecbc8,0x00000000a4280000)
 Metaspace       used 56935K, capacity 58896K, committed 58968K, reserved 1099776K
  class space    used 7807K, capacity 8257K, committed 8320K, reserved 1048576K
Event: 27.088 GC heap after
Heap after GC invocations=15 (full 2):
 PSYoungGen      total 166912K, used 1454K [0x00000000e0000000, 0x00000000eee80000, 0x0000000100000000)
  eden space 148992K, 0% used [0x00000000e0000000,0x00000000e0000000,0x00000000e9180000)
  from space 17920K, 8% used [0x00000000e9180000,0x00000000e92eb818,0x00000000ea300000)
  to   space 17920K, 0% used [0x00000000edd00000,0x00000000edd00000,0x00000000eee80000)
 ParOldGen       total 68096K, used 34680K [0x00000000a0000000, 0x00000000a4280000, 0x00000000e0000000)
  object space 68096K, 50% used [0x00000000a0000000,0x00000000a21de080,0x00000000a4280000)
 Metaspace       used 56935K, capacity 58896K, committed 58968K, reserved 1099776K
  class space    used 7807K, capacity 8257K, committed 8320K, reserved 1048576K
}
Event: 27.088 GC heap before
{Heap before GC invocations=16 (full 3):
 PSYoungGen      total 166912K, used 1454K [0x00000000e0000000, 0x00000000eee80000, 0x0000000100000000)
  eden space 148992K, 0% used [0x00000000e0000000,0x00000000e0000000,0x00000000e9180000)
  from space 17920K, 8% used [0x00000000e9180000,0x00000000e92eb818,0x00000000ea300000)
  to   space 17920K, 0% used [0x00000000edd00000,0x00000000edd00000,0x00000000eee80000)
 ParOldGen       total 68096K, used 34680K [0x00000000a0000000, 0x00000000a4280000, 0x00000000e0000000)
  object space 68096K, 50% used [0x00000000a0000000,0x00000000a21de080,0x00000000a4280000)
 Metaspace       used 56935K, capacity 58896K, committed 58968K, reserved 1099776K
  class space    used 7807K, capacity 8257K, committed 8320K, reserved 1048576K
Event: 27.452 GC heap after
Heap after GC invocations=16 (full 3):
 PSYoungGen      total 166912K, used 0K [0x00000000e0000000, 0x00000000eee80000, 0x0000000100000000)
  eden space 148992K, 0% used [0x00000000e0000000,0x00000000e0000000,0x00000000e9180000)
  from space 17920K, 0% used [0x00000000e9180000,0x00000000e9180000,0x00000000ea300000)
  to   space 17920K, 0% used [0x00000000edd00000,0x00000000edd00000,0x00000000eee80000)
 ParOldGen       total 99328K, used 28188K [0x00000000a0000000, 0x00000000a6100000, 0x00000000e0000000)
  object space 99328K, 28% used [0x00000000a0000000,0x00000000a1b871a0,0x00000000a6100000)
 Metaspace       used 56697K, capacity 58220K, committed 58968K, reserved 1099776K
  class space    used 7733K, capacity 8125K, committed 8320K, reserved 1048576K
}
Event: 340.350 GC heap before
{Heap before GC invocations=17 (full 3):
 PSYoungGen      total 166912K, used 148992K [0x00000000e0000000, 0x00000000eee80000, 0x0000000100000000)
  eden space 148992K, 100% used [0x00000000e0000000,0x00000000e9180000,0x00000000e9180000)
  from space 17920K, 0% used [0x00000000e9180000,0x00000000e9180000,0x00000000ea300000)
  to   space 17920K, 0% used [0x00000000edd00000,0x00000000edd00000,0x00000000eee80000)
 ParOldGen       total 99328K, used 28188K [0x00000000a0000000, 0x00000000a6100000, 0x00000000e0000000)
  object space 99328K, 28% used [0x00000000a0000000,0x00000000a1b871a0,0x00000000a6100000)
 Metaspace       used 63237K, capacity 65184K, committed 65368K, reserved 1105920K
  class space    used 8325K, capacity 8775K, committed 8832K, reserved 1048576K
Event: 340.736 GC heap after
Heap after GC invocations=17 (full 3):
 PSYoungGen      total 196096K, used 12919K [0x00000000e0000000, 0x00000000eea00000, 0x0000000100000000)
  eden space 182784K, 0% used [0x00000000e0000000,0x00000000e0000000,0x00000000eb280000)
  from space 13312K, 97% used [0x00000000edd00000,0x00000000ee99dfe0,0x00000000eea00000)
  to   space 18944K, 0% used [0x00000000ec500000,0x00000000ec500000,0x00000000ed780000)
 ParOldGen       total 99328K, used 28196K [0x00000000a0000000, 0x00000000a6100000, 0x00000000e0000000)
  object space 99328K, 28% used [0x00000000a0000000,0x00000000a1b891a0,0x00000000a6100000)
 Metaspace       used 63237K, capacity 65184K, committed 65368K, reserved 1105920K
  class space    used 8325K, capacity 8775K, committed 8832K, reserved 1048576K
}
Event: 388.874 GC heap before
{Heap before GC invocations=18 (full 3):
 PSYoungGen      total 196096K, used 195703K [0x00000000e0000000, 0x00000000eea00000, 0x0000000100000000)
  eden space 182784K, 100% used [0x00000000e0000000,0x00000000eb280000,0x00000000eb280000)
  from space 13312K, 97% used [0x00000000edd00000,0x00000000ee99dfe0,0x00000000eea00000)
  to   space 18944K, 0% used [0x00000000ec500000,0x00000000ec500000,0x00000000ed780000)
 ParOldGen       total 99328K, used 28196K [0x00000000a0000000, 0x00000000a6100000, 0x00000000e0000000)
  object space 99328K, 28% used [0x00000000a0000000,0x00000000a1b891a0,0x00000000a6100000)
 Metaspace       used 66743K, capacity 68892K, committed 69208K, reserved 1110016K
  class space    used 8823K, capacity 9281K, committed 9344K, reserved 1048576K
Event: 389.101 GC heap after
Heap after GC invocations=18 (full 3):
 PSYoungGen      total 220672K, used 16868K [0x00000000e0000000, 0x00000000eff80000, 0x0000000100000000)
  eden space 201728K, 0% used [0x00000000e0000000,0x00000000e0000000,0x00000000ec500000)
  from space 18944K, 89% used [0x00000000ec500000,0x00000000ed579070,0x00000000ed780000)
  to   space 20992K, 0% used [0x00000000eeb00000,0x00000000eeb00000,0x00000000eff80000)
 ParOldGen       total 99328K, used 28204K [0x00000000a0000000, 0x00000000a6100000, 0x00000000e0000000)
  object space 99328K, 28% used [0x00000000a0000000,0x00000000a1b8b1a0,0x00000000a6100000)
 Metaspace       used 66743K, capacity 68892K, committed 69208K, reserved 1110016K
  class space    used 8823K, capacity 9281K, committed 9344K, reserved 1048576K
}
Event: 454.902 GC heap before
{Heap before GC invocations=19 (full 3):
 PSYoungGen      total 220672K, used 218596K [0x00000000e0000000, 0x00000000eff80000, 0x0000000100000000)
  eden space 201728K, 100% used [0x00000000e0000000,0x00000000ec500000,0x00000000ec500000)
  from space 18944K, 89% used [0x00000000ec500000,0x00000000ed579070,0x00000000ed780000)
  to   space 20992K, 0% used [0x00000000eeb00000,0x00000000eeb00000,0x00000000eff80000)
 ParOldGen       total 99328K, used 28204K [0x00000000a0000000, 0x00000000a6100000, 0x00000000e0000000)
  object space 99328K, 28% used [0x00000000a0000000,0x00000000a1b8b1a0,0x00000000a6100000)
 Metaspace       used 80248K, capacity 83430K, committed 83672K, reserved 1122304K
  class space    used 10812K, capacity 11440K, committed 11520K, reserved 1048576K
Event: 455.318 GC heap after
Heap after GC invocations=19 (full 3):
 PSYoungGen      total 235520K, used 20961K [0x00000000e0000000, 0x00000000f1d00000, 0x0000000100000000)
  eden space 214528K, 0% used [0x00000000e0000000,0x00000000e0000000,0x00000000ed180000)
  from space 20992K, 99% used [0x00000000eeb00000,0x00000000eff78758,0x00000000eff80000)
  to   space 26112K, 0% used [0x00000000ed180000,0x00000000ed180000,0x00000000eeb00000)
 ParOldGen       total 99328K, used 33458K [0x00000000a0000000, 0x00000000a6100000, 0x00000000e0000000)
  object space 99328K, 33% used [0x00000000a0000000,0x00000000a20acbd8,0x00000000a6100000)
 Metaspace       used 80248K, capacity 83430K, committed 83672K, reserved 1122304K
  class space    used 10812K, capacity 11440K, committed 11520K, reserved 1048576K
}

