# JRE version: OpenJDK Runtime Environment (8.0_202-b03) (build 1.8.0_202-release-1483-b03)
# Java VM: OpenJDK 64-Bit Server VM (25.202-b03 mixed mode windows-amd64 compressed oops)
Heap:
 PSYoungGen      total 207872K, used 89300K [0x00000000e0000000, 0x00000000f0080000, 0x0000000100000000)
  eden space 186368K, 38% used [0x00000000e0000000,0x00000000e4600f10,0x00000000eb600000)
  from space 21504K, 81% used [0x00000000eb600000,0x00000000ec734250,0x00000000ecb00000)
  to   space 23552K, 0% used [0x00000000ee980000,0x00000000ee980000,0x00000000f0080000)
 ParOldGen       total 106496K, used 47078K [0x00000000a0000000, 0x00000000a6800000, 0x00000000e0000000)
  object space 106496K, 44% used [0x00000000a0000000,0x00000000a2df9838,0x00000000a6800000)
 Metaspace       used 81133K, capacity 84314K, committed 84440K, reserved 1122304K
  class space    used 10836K, capacity 11498K, committed 11520K, reserved 1048576K
GC Heap History (10 events):
Event: 29.729 GC heap before
{Heap before GC invocations=14 (full 2):
 PSYoungGen      total 137216K, used 135195K [0x00000000e0000000, 0x00000000ebb00000, 0x0000000100000000)
  eden space 126976K, 98% used [0x00000000e0000000,0x00000000e7a07908,0x00000000e7c00000)
  from space 10240K, 99% used [0x00000000e7c00000,0x00000000e85ff650,0x00000000e8600000)
  to   space 13824K, 0% used [0x00000000ead80000,0x00000000ead80000,0x00000000ebb00000)
 ParOldGen       total 66560K, used 23096K [0x00000000a0000000, 0x00000000a4100000, 0x00000000e0000000)
  object space 66560K, 34% used [0x00000000a0000000,0x00000000a168e3e8,0x00000000a4100000)
 Metaspace       used 56941K, capacity 58904K, committed 59028K, reserved 1099776K
  class space    used 7800K, capacity 8247K, committed 8320K, reserved 1048576K
Event: 29.766 GC heap after
Heap after GC invocations=14 (full 2):
 PSYoungGen      total 175104K, used 13229K [0x00000000e0000000, 0x00000000ebb80000, 0x0000000100000000)
  eden space 161280K, 0% used [0x00000000e0000000,0x00000000e0000000,0x00000000e9d80000)
  from space 13824K, 95% used [0x00000000ead80000,0x00000000eba6b4b0,0x00000000ebb00000)
  to   space 15360K, 0% used [0x00000000e9d80000,0x00000000e9d80000,0x00000000eac80000)
 ParOldGen       total 66560K, used 31265K [0x00000000a0000000, 0x00000000a4100000, 0x00000000e0000000)
  object space 66560K, 46% used [0x00000000a0000000,0x00000000a1e88668,0x00000000a4100000)
 Metaspace       used 56941K, capacity 58904K, committed 59028K, reserved 1099776K
  class space    used 7800K, capacity 8247K, committed 8320K, reserved 1048576K
}
Event: 29.766 GC heap before
{Heap before GC invocations=15 (full 3):
 PSYoungGen      total 175104K, used 13229K [0x00000000e0000000, 0x00000000ebb80000, 0x0000000100000000)
  eden space 161280K, 0% used [0x00000000e0000000,0x00000000e0000000,0x00000000e9d80000)
  from space 13824K, 95% used [0x00000000ead80000,0x00000000eba6b4b0,0x00000000ebb00000)
  to   space 15360K, 0% used [0x00000000e9d80000,0x00000000e9d80000,0x00000000eac80000)
 ParOldGen       total 66560K, used 31265K [0x00000000a0000000, 0x00000000a4100000, 0x00000000e0000000)
  object space 66560K, 46% used [0x00000000a0000000,0x00000000a1e88668,0x00000000a4100000)
 Metaspace       used 56941K, capacity 58904K, committed 59028K, reserved 1099776K
  class space    used 7800K, capacity 8247K, committed 8320K, reserved 1048576K
Event: 30.253 GC heap after
Heap after GC invocations=15 (full 3):
 PSYoungGen      total 175104K, used 0K [0x00000000e0000000, 0x00000000ebb80000, 0x0000000100000000)
  eden space 161280K, 0% used [0x00000000e0000000,0x00000000e0000000,0x00000000e9d80000)
  from space 13824K, 0% used [0x00000000ead80000,0x00000000ead80000,0x00000000ebb00000)
  to   space 15360K, 0% used [0x00000000e9d80000,0x00000000e9d80000,0x00000000eac80000)
 ParOldGen       total 106496K, used 35031K [0x00000000a0000000, 0x00000000a6800000, 0x00000000e0000000)
  object space 106496K, 32% used [0x00000000a0000000,0x00000000a2235ee0,0x00000000a6800000)
 Metaspace       used 56723K, capacity 58280K, committed 59028K, reserved 1099776K
  class space    used 7731K, capacity 8125K, committed 8320K, reserved 1048576K
}
Event: 68.756 GC heap before
{Heap before GC invocations=16 (full 3):
 PSYoungGen      total 175104K, used 161280K [0x00000000e0000000, 0x00000000ebb80000, 0x0000000100000000)
  eden space 161280K, 100% used [0x00000000e0000000,0x00000000e9d80000,0x00000000e9d80000)
  from space 13824K, 0% used [0x00000000ead80000,0x00000000ead80000,0x00000000ebb00000)
  to   space 15360K, 0% used [0x00000000e9d80000,0x00000000e9d80000,0x00000000eac80000)
 ParOldGen       total 106496K, used 35031K [0x00000000a0000000, 0x00000000a6800000, 0x00000000e0000000)
  object space 106496K, 32% used [0x00000000a0000000,0x00000000a2235ee0,0x00000000a6800000)
 Metaspace       used 63220K, capacity 65182K, committed 65368K, reserved 1105920K
  class space    used 8324K, capacity 8774K, committed 8832K, reserved 1048576K
Event: 68.958 GC heap after
Heap after GC invocations=16 (full 3):
 PSYoungGen      total 176640K, used 14185K [0x00000000e0000000, 0x00000000edb80000, 0x0000000100000000)
  eden space 161280K, 0% used [0x00000000e0000000,0x00000000e0000000,0x00000000e9d80000)
  from space 15360K, 92% used [0x00000000e9d80000,0x00000000eab5a6a8,0x00000000eac80000)
  to   space 16896K, 0% used [0x00000000ecb00000,0x00000000ecb00000,0x00000000edb80000)
 ParOldGen       total 106496K, used 35039K [0x00000000a0000000, 0x00000000a6800000, 0x00000000e0000000)
  object space 106496K, 32% used [0x00000000a0000000,0x00000000a2237ee0,0x00000000a6800000)
 Metaspace       used 63220K, capacity 65182K, committed 65368K, reserved 1105920K
  class space    used 8324K, capacity 8774K, committed 8832K, reserved 1048576K
}
Event: 76.225 GC heap before
{Heap before GC invocations=17 (full 3):
 PSYoungGen      total 176640K, used 175465K [0x00000000e0000000, 0x00000000edb80000, 0x0000000100000000)
  eden space 161280K, 100% used [0x00000000e0000000,0x00000000e9d80000,0x00000000e9d80000)
  from space 15360K, 92% used [0x00000000e9d80000,0x00000000eab5a6a8,0x00000000eac80000)
  to   space 16896K, 0% used [0x00000000ecb00000,0x00000000ecb00000,0x00000000edb80000)
 ParOldGen       total 106496K, used 35039K [0x00000000a0000000, 0x00000000a6800000, 0x00000000e0000000)
  object space 106496K, 32% used [0x00000000a0000000,0x00000000a2237ee0,0x00000000a6800000)
 Metaspace       used 75386K, capacity 77978K, committed 78168K, reserved 1116160K
  class space    used 10001K, capacity 10588K, committed 10624K, reserved 1048576K
Event: 76.298 GC heap after
Heap after GC invocations=17 (full 3):
 PSYoungGen      total 203264K, used 16868K [0x00000000e0000000, 0x00000000ee400000, 0x0000000100000000)
  eden space 186368K, 0% used [0x00000000e0000000,0x00000000e0000000,0x00000000eb600000)
  from space 16896K, 99% used [0x00000000ecb00000,0x00000000edb79080,0x00000000edb80000)
  to   space 21504K, 0% used [0x00000000eb600000,0x00000000eb600000,0x00000000ecb00000)
 ParOldGen       total 106496K, used 41334K [0x00000000a0000000, 0x00000000a6800000, 0x00000000e0000000)
  object space 106496K, 38% used [0x00000000a0000000,0x00000000a285db88,0x00000000a6800000)
 Metaspace       used 75386K, capacity 77978K, committed 78168K, reserved 1116160K
  class space    used 10001K, capacity 10588K, committed 10624K, reserved 1048576K
}
Event: 292.878 GC heap before
{Heap before GC invocations=18 (full 3):
 PSYoungGen      total 203264K, used 203236K [0x00000000e0000000, 0x00000000ee400000, 0x0000000100000000)
  eden space 186368K, 100% used [0x00000000e0000000,0x00000000eb600000,0x00000000eb600000)
  from space 16896K, 99% used [0x00000000ecb00000,0x00000000edb79080,0x00000000edb80000)
  to   space 21504K, 0% used [0x00000000eb600000,0x00000000eb600000,0x00000000ecb00000)
 ParOldGen       total 106496K, used 41334K [0x00000000a0000000, 0x00000000a6800000, 0x00000000e0000000)
  object space 106496K, 38% used [0x00000000a0000000,0x00000000a285db88,0x00000000a6800000)
 Metaspace       used 80741K, capacity 83936K, committed 84184K, reserved 1122304K
  class space    used 10831K, capacity 11489K, committed 11520K, reserved 1048576K
Event: 293.504 GC heap after
Heap after GC invocations=18 (full 3):
 PSYoungGen      total 207872K, used 17616K [0x00000000e0000000, 0x00000000f0080000, 0x0000000100000000)
  eden space 186368K, 0% used [0x00000000e0000000,0x00000000e0000000,0x00000000eb600000)
  from space 21504K, 81% used [0x00000000eb600000,0x00000000ec734250,0x00000000ecb00000)
  to   space 23552K, 0% used [0x00000000ee980000,0x00000000ee980000,0x00000000f0080000)
 ParOldGen       total 106496K, used 47078K [0x00000000a0000000, 0x00000000a6800000, 0x00000000e0000000)
  object space 106496K, 44% used [0x00000000a0000000,0x00000000a2df9838,0x00000000a6800000)
 Metaspace       used 80741K, capacity 83936K, committed 84184K, reserved 1122304K
  class space    used 10831K, capacity 11489K, committed 11520K, reserved 1048576K
}

